<?xml version="1.0" encoding="UTF-8"?>
<testsuite name="br.ufpe.cin.emprel.stack.AppTest" tests="1" skipped="0" failures="0" errors="0" timestamp="2021-05-24T11:58:16" hostname="Raul-EMPREL" time="0.051">
  <properties/>
  <testcase name="appHasAGreeting()" classname="br.ufpe.cin.emprel.stack.AppTest" time="0.051"/>
  <system-out><![CDATA[]]></system-out>
  <system-err><![CDATA[]]></system-err>
</testsuite>
